Detecting compiler hash for triplet x64-windows...
-- Automatically setting %HTTP(S)_PROXY% environment variables to "127.0.0.1:7890".
Compiler found: C:/Program Files/Microsoft Visual Studio/2022/Community/VC/Tools/MSVC/14.44.35207/bin/Hostx64/x64/cl.exe
The following packages are already installed:
  * abseil:x64-windows@20250512.1
  * bzip2[core,tool]:x64-windows@1.0.8#6
  * curl[core,non-http,ssl,sspi]:x64-windows@8.16.0
  * flatbuffers:x64-windows@25.9.23#1
  * giflib:x64-windows@5.2.2#2
    leptonica:x64-windows@1.85.0
  * libarchive[bzip2,core,crypto,lz4,lzma,xar,zstd]:x64-windows@3.8.2
  * libjpeg-turbo:x64-windows@3.1.2
  * liblzma:x64-windows@5.8.1
  * libpng:x64-windows@1.6.50
  * libwebp[core,libwebpmux,nearlossless,simd,unicode]:x64-windows@1.6.0#1
  * lz4:x64-windows@1.10.0
    opencv:x64-windows@4.11.0
  * opencv4[calib3d,core,directml,dnn,dshow,fs,gapi,highgui,intrinsics,jpeg,msmf,png,quirc,thread,tiff,webp,win32ui]:x64-windows@4.11.0#4
  * openjpeg:x64-windows@2.5.4
  * openssl:x64-windows@3.6.0#2
  * protobuf:x64-windows@5.29.5#2
  * quirc:x64-windows@1.2
    tesseract:x64-windows@5.5.1#1
  * tiff[core,jpeg,lzma,zip]:x64-windows@4.7.1
  * utf8-range:x64-windows@5.29.5
  * vcpkg-cmake:x64-windows@2024-04-23
  * vcpkg-cmake-config:x64-windows@2024-05-23
  * vcpkg-cmake-get-vars:x64-windows@2025-05-29
  * vcpkg-get-python-packages:x64-windows@2025-04-05
  * zlib:x64-windows@1.3.1
  * zstd:x64-windows@1.5.7
leptonica provides CMake targets:

  # this is heuristically generated, and may not be correct
  find_package(Leptonica CONFIG REQUIRED)
  target_link_libraries(main PRIVATE leptonica)

leptonica provides pkg-config modules:

  # An open source C library for efficient image processing and image analysis operations
  lept

tesseract provides CMake targets:

  # this is heuristically generated, and may not be correct
  find_package(Tesseract CONFIG REQUIRED)
  target_link_libraries(main PRIVATE Tesseract::libtesseract)

tesseract provides pkg-config modules:

  # An OCR Engine that was developed at HP Labs (1985-1995) and Google (2006-2018).
  tesseract

All requested installations completed successfully in: 2.11 ms
